<?xml version="1.0" encoding="UTF-8"?>
<!-- Generated by org.testng.reporters.JUnitReportReporter -->
<testsuite skipped="0" hostname="DBoychuk-PC" name="test.FirstTest" tests="1" failures="0" timestamp="2020-10-16T15:23:34 YEKT" time="44.146" errors="0">
  <testcase name="someTest" time="44.146" classname="test.FirstTest"/>
</testsuite> <!-- test.FirstTest -->
