<?xml version="1.0" encoding="UTF-8"?>
<!-- Generated by org.testng.reporters.JUnitReportReporter -->
<testsuite hostname="DBoychuk-PC" failures="0" tests="1" name="test.FirstTest" time="83.521" errors="0" timestamp="2020-09-28T14:54:43 YEKT" skipped="0">
  <testcase classname="test.FirstTest" name="someTest" time="83.521"/>
</testsuite> <!-- test.FirstTest -->
