<?xml version="1.0" encoding="UTF-8"?>
<!-- Generated by org.testng.reporters.JUnitReportReporter -->
<testsuite hostname="DBoychuk-PC" failures="0" tests="1" name="test.FirstTest" time="39.332" errors="0" timestamp="2020-09-28T01:15:51 YEKT" skipped="0">
  <testcase classname="test.FirstTest" name="someTest" time="39.332"/>
</testsuite> <!-- test.FirstTest -->
