<?xml version="1.0" encoding="UTF-8"?>
<!-- Generated by org.testng.reporters.JUnitReportReporter -->
<testsuite skipped="0" hostname="DBoychuk-PC" name="test.JsonTest" tests="1" failures="0" timestamp="2020-10-26T13:19:46 YEKT" time="38.316" errors="0">
  <testcase name="someJson" time="38.316" classname="test.JsonTest"/>
</testsuite> <!-- test.JsonTest -->
